


Started - 2023-01-07 17:38:01.886462
Total Question Count: 2524
Fetch All: False
Start processing title-slug: build-array-from-permutation
Completed processing title-slug: build-array-from-permutation
Start processing title-slug: gas-station
Queestion: gas-station is not processed becuase file already present
Fetching new sobmissions is completed.
Processed total 2 submissions.
Completed - 2023-01-07 17:38:09.147614
Time taken - 0:00:07.261152
'git push' Completed





Started - 2023-01-07 17:40:01.850011
Total Question Count: 2524
Fetch All: False
Start processing title-slug: build-array-from-permutation
Queestion: build-array-from-permutation is not processed becuase file already present
Fetching new sobmissions is completed.
Processed total 1 submissions.
Completed - 2023-01-07 17:40:12.248693
Time taken - 0:00:10.398682
'git push' Completed





Started - 2023-01-07 17:47:38.641628
Total Question Count: 2528
Fetch All: False
Start processing title-slug: richest-customer-wealth
Completed processing title-slug: richest-customer-wealth
Start processing title-slug: build-array-from-permutation
Queestion: build-array-from-permutation is not processed becuase file already present
Fetching new sobmissions is completed.
Processed total 2 submissions.
Completed - 2023-01-07 17:47:51.569907
Time taken - 0:00:12.928279
'git push' Completed





Started - 2023-01-08 00:05:01.708346
Total Question Count: 2528
Fetch All: False
Start processing title-slug: number-of-good-pairs
Completed processing title-slug: number-of-good-pairs
Start processing title-slug: richest-customer-wealth
Queestion: richest-customer-wealth is not processed becuase file already present
Fetching new sobmissions is completed.
Processed total 2 submissions.
Completed - 2023-01-08 00:05:07.128694
Time taken - 0:00:05.420348
'git push' Completed





Started - 2023-01-09 00:05:01.482349
Total Question Count: 2532
Fetch All: False
Start processing title-slug: maximal-score-after-applying-k-operations
Completed processing title-slug: maximal-score-after-applying-k-operations
Start processing title-slug: make-number-of-distinct-characters-equal
Completed processing title-slug: make-number-of-distinct-characters-equal
Start processing title-slug: make-number-of-distinct-characters-equal
Queestion: make-number-of-distinct-characters-equal is not processed becuase file already present
Fetching new sobmissions is completed.
Processed total 3 submissions.
Completed - 2023-01-09 00:05:10.317824
Time taken - 0:00:08.835475



Started - 2023-01-09 00:27:11.526443
Total Question Count: 2532
Processing max submission sount: 200
Start processing title-slug: maximal-score-after-applying-k-operations
Queestion: maximal-score-after-applying-k-operations is not processed becuase file already present
Completed processing title-slug: maximal-score-after-applying-k-operations
Start processing title-slug: make-number-of-distinct-characters-equal
Queestion: make-number-of-distinct-characters-equal is not processed becuase file already present
Completed processing title-slug: make-number-of-distinct-characters-equal
Start processing title-slug: make-number-of-distinct-characters-equal
Queestion: make-number-of-distinct-characters-equal is not processed becuase file already present
Completed processing title-slug: make-number-of-distinct-characters-equal
Start processing title-slug: make-number-of-distinct-characters-equal
Queestion: make-number-of-distinct-characters-equal is not processed becuase file already present
Completed processing title-slug: make-number-of-distinct-characters-equal
Start processing title-slug: make-number-of-distinct-characters-equal
Queestion: make-number-of-distinct-characters-equal is not processed becuase file already present
Completed processing title-slug: make-number-of-distinct-characters-equal
Start processing title-slug: make-number-of-distinct-characters-equal
Queestion: make-number-of-distinct-characters-equal is not processed becuase file already present
Completed processing title-slug: make-number-of-distinct-characters-equal
Start processing title-slug: make-number-of-distinct-characters-equal
Queestion: make-number-of-distinct-characters-equal is not processed becuase file already present
Completed processing title-slug: make-number-of-distinct-characters-equal
Start processing title-slug: make-number-of-distinct-characters-equal
Queestion: make-number-of-distinct-characters-equal is not processed becuase file already present
Completed processing title-slug: make-number-of-distinct-characters-equal
Start processing title-slug: make-number-of-distinct-characters-equal
Queestion: make-number-of-distinct-characters-equal is not processed becuase file already present
Completed processing title-slug: make-number-of-distinct-characters-equal
Start processing title-slug: maximal-score-after-applying-k-operations
Queestion: maximal-score-after-applying-k-operations is not processed becuase file already present
Completed processing title-slug: maximal-score-after-applying-k-operations
Start processing title-slug: maximum-count-of-positive-integer-and-negative-integer
Queestion: maximum-count-of-positive-integer-and-negative-integer is not processed becuase file already present
Completed processing title-slug: maximum-count-of-positive-integer-and-negative-integer
Start processing title-slug: find-consecutive-integers-from-a-data-stream
Queestion: find-consecutive-integers-from-a-data-stream is not processed becuase file already present
Completed processing title-slug: find-consecutive-integers-from-a-data-stream
Start processing title-slug: find-consecutive-integers-from-a-data-stream
Queestion: find-consecutive-integers-from-a-data-stream is not processed becuase file already present
Completed processing title-slug: find-consecutive-integers-from-a-data-stream
Start processing title-slug: categorize-box-according-to-criteria
Queestion: categorize-box-according-to-criteria is not processed becuase file already present
Completed processing title-slug: categorize-box-according-to-criteria
Start processing title-slug: categorize-box-according-to-criteria
Queestion: categorize-box-according-to-criteria is not processed becuase file already present
Completed processing title-slug: categorize-box-according-to-criteria
Start processing title-slug: categorize-box-according-to-criteria
Queestion: categorize-box-according-to-criteria is not processed becuase file already present
Completed processing title-slug: categorize-box-according-to-criteria
Start processing title-slug: categorize-box-according-to-criteria
Queestion: categorize-box-according-to-criteria is not processed becuase file already present
Completed processing title-slug: categorize-box-according-to-criteria
Start processing title-slug: max-points-on-a-line
Queestion: max-points-on-a-line is not processed becuase file already present
Completed processing title-slug: max-points-on-a-line
Start processing title-slug: max-points-on-a-line
Queestion: max-points-on-a-line is not processed becuase file already present
Completed processing title-slug: max-points-on-a-line
Start processing title-slug: max-points-on-a-line
Queestion: max-points-on-a-line is not processed becuase file already present
Completed processing title-slug: max-points-on-a-line


 Wait for 5 seconds...




Fetch next page offset:20, limit=20


Start processing title-slug: max-points-on-a-line
Queestion: max-points-on-a-line is not processed becuase file already present
Completed processing title-slug: max-points-on-a-line
Start processing title-slug: number-of-good-pairs
Queestion: number-of-good-pairs is not processed becuase file already present
Completed processing title-slug: number-of-good-pairs
Start processing title-slug: richest-customer-wealth
Queestion: richest-customer-wealth is not processed becuase file already present
Completed processing title-slug: richest-customer-wealth
Start processing title-slug: build-array-from-permutation
Queestion: build-array-from-permutation is not processed becuase file already present
Completed processing title-slug: build-array-from-permutation
Start processing title-slug: gas-station
Queestion: gas-station is not processed becuase file already present
Completed processing title-slug: gas-station
Start processing title-slug: maximum-ice-cream-bars
Queestion: maximum-ice-cream-bars is not processed becuase file already present
Completed processing title-slug: maximum-ice-cream-bars
Start processing title-slug: maximum-ice-cream-bars
Queestion: maximum-ice-cream-bars is not processed becuase file already present
Completed processing title-slug: maximum-ice-cream-bars
Start processing title-slug: minimum-number-of-arrows-to-burst-balloons
Queestion: minimum-number-of-arrows-to-burst-balloons is not processed becuase file already present
Completed processing title-slug: minimum-number-of-arrows-to-burst-balloons
Start processing title-slug: minimum-number-of-arrows-to-burst-balloons
Queestion: minimum-number-of-arrows-to-burst-balloons is not processed becuase file already present
Completed processing title-slug: minimum-number-of-arrows-to-burst-balloons
Start processing title-slug: minimum-number-of-arrows-to-burst-balloons
Queestion: minimum-number-of-arrows-to-burst-balloons is not processed becuase file already present
Completed processing title-slug: minimum-number-of-arrows-to-burst-balloons
Start processing title-slug: minimum-number-of-arrows-to-burst-balloons
Queestion: minimum-number-of-arrows-to-burst-balloons is not processed becuase file already present
Completed processing title-slug: minimum-number-of-arrows-to-burst-balloons
Start processing title-slug: minimum-number-of-arrows-to-burst-balloons
Queestion: minimum-number-of-arrows-to-burst-balloons is not processed becuase file already present
Completed processing title-slug: minimum-number-of-arrows-to-burst-balloons
Start processing title-slug: minimum-number-of-arrows-to-burst-balloons
Queestion: minimum-number-of-arrows-to-burst-balloons is not processed becuase file already present
Completed processing title-slug: minimum-number-of-arrows-to-burst-balloons
Start processing title-slug: minimum-number-of-arrows-to-burst-balloons
Queestion: minimum-number-of-arrows-to-burst-balloons is not processed becuase file already present
Completed processing title-slug: minimum-number-of-arrows-to-burst-balloons
Start processing title-slug: minimum-number-of-arrows-to-burst-balloons
Queestion: minimum-number-of-arrows-to-burst-balloons is not processed becuase file already present
Completed processing title-slug: minimum-number-of-arrows-to-burst-balloons
Start processing title-slug: minimum-number-of-arrows-to-burst-balloons
Queestion: minimum-number-of-arrows-to-burst-balloons is not processed becuase file already present
Completed processing title-slug: minimum-number-of-arrows-to-burst-balloons
Start processing title-slug: minimum-number-of-arrows-to-burst-balloons
Queestion: minimum-number-of-arrows-to-burst-balloons is not processed becuase file already present
Completed processing title-slug: minimum-number-of-arrows-to-burst-balloons
Start processing title-slug: range-sum-query-immutable
Queestion: range-sum-query-immutable is not processed becuase file already present
Completed processing title-slug: range-sum-query-immutable
Start processing title-slug: count-the-digits-that-divide-a-number
Queestion: count-the-digits-that-divide-a-number is not processed becuase file already present
Completed processing title-slug: count-the-digits-that-divide-a-number
Start processing title-slug: minimum-rounds-to-complete-all-tasks
Queestion: minimum-rounds-to-complete-all-tasks is not processed becuase file already present
Completed processing title-slug: minimum-rounds-to-complete-all-tasks


 Wait for 5 seconds...




Fetch next page offset:40, limit=20


Start processing title-slug: minimum-rounds-to-complete-all-tasks
Queestion: minimum-rounds-to-complete-all-tasks is not processed becuase file already present
Completed processing title-slug: minimum-rounds-to-complete-all-tasks
Start processing title-slug: delete-columns-to-make-sorted
Queestion: delete-columns-to-make-sorted is not processed becuase file already present
Completed processing title-slug: delete-columns-to-make-sorted
Start processing title-slug: remove-letter-to-equalize-frequency
Queestion: remove-letter-to-equalize-frequency is not processed becuase file already present
Completed processing title-slug: remove-letter-to-equalize-frequency
Start processing title-slug: remove-letter-to-equalize-frequency
Queestion: remove-letter-to-equalize-frequency is not processed becuase file already present
Completed processing title-slug: remove-letter-to-equalize-frequency
Start processing title-slug: remove-letter-to-equalize-frequency
Queestion: remove-letter-to-equalize-frequency is not processed becuase file already present
Completed processing title-slug: remove-letter-to-equalize-frequency
Start processing title-slug: remove-letter-to-equalize-frequency
Queestion: remove-letter-to-equalize-frequency is not processed becuase file already present
Completed processing title-slug: remove-letter-to-equalize-frequency
Start processing title-slug: detect-capital
Queestion: detect-capital is not processed becuase file already present
Completed processing title-slug: detect-capital
Start processing title-slug: create-target-array-in-the-given-order
Queestion: create-target-array-in-the-given-order is not processed becuase file already present
Completed processing title-slug: create-target-array-in-the-given-order
Start processing title-slug: partition-string-into-substrings-with-values-at-most-k
Queestion: partition-string-into-substrings-with-values-at-most-k is not processed becuase file already present
Completed processing title-slug: partition-string-into-substrings-with-values-at-most-k
Start processing title-slug: partition-string-into-substrings-with-values-at-most-k
Queestion: partition-string-into-substrings-with-values-at-most-k is not processed becuase file already present
Completed processing title-slug: partition-string-into-substrings-with-values-at-most-k
Start processing title-slug: partition-string-into-substrings-with-values-at-most-k
Queestion: partition-string-into-substrings-with-values-at-most-k is not processed becuase file already present
Completed processing title-slug: partition-string-into-substrings-with-values-at-most-k
Start processing title-slug: partition-string-into-substrings-with-values-at-most-k
Queestion: partition-string-into-substrings-with-values-at-most-k is not processed becuase file already present
Completed processing title-slug: partition-string-into-substrings-with-values-at-most-k
Start processing title-slug: partition-string-into-substrings-with-values-at-most-k
Queestion: partition-string-into-substrings-with-values-at-most-k is not processed becuase file already present
Completed processing title-slug: partition-string-into-substrings-with-values-at-most-k
Start processing title-slug: partition-string-into-substrings-with-values-at-most-k
Queestion: partition-string-into-substrings-with-values-at-most-k is not processed becuase file already present
Completed processing title-slug: partition-string-into-substrings-with-values-at-most-k
Start processing title-slug: partition-string-into-substrings-with-values-at-most-k
Queestion: partition-string-into-substrings-with-values-at-most-k is not processed becuase file already present
Completed processing title-slug: partition-string-into-substrings-with-values-at-most-k
Start processing title-slug: partition-string-into-substrings-with-values-at-most-k
Queestion: partition-string-into-substrings-with-values-at-most-k is not processed becuase file already present
Completed processing title-slug: partition-string-into-substrings-with-values-at-most-k
Start processing title-slug: closest-prime-numbers-in-range
Queestion: closest-prime-numbers-in-range is not processed becuase file already present
Completed processing title-slug: closest-prime-numbers-in-range
Start processing title-slug: closest-prime-numbers-in-range
Queestion: closest-prime-numbers-in-range is not processed becuase file already present
Completed processing title-slug: closest-prime-numbers-in-range
Start processing title-slug: closest-prime-numbers-in-range
Queestion: closest-prime-numbers-in-range is not processed becuase file already present
Completed processing title-slug: closest-prime-numbers-in-range
Start processing title-slug: distinct-prime-factors-of-product-of-array
Queestion: distinct-prime-factors-of-product-of-array is not processed becuase file already present
Completed processing title-slug: distinct-prime-factors-of-product-of-array


 Wait for 5 seconds...




Fetch next page offset:60, limit=20


Start processing title-slug: count-the-digits-that-divide-a-number
Queestion: count-the-digits-that-divide-a-number is not processed becuase file already present
Completed processing title-slug: count-the-digits-that-divide-a-number
Start processing title-slug: word-pattern
Queestion: word-pattern is not processed becuase file already present
Completed processing title-slug: word-pattern
Start processing title-slug: word-pattern
Queestion: word-pattern is not processed becuase file already present
Completed processing title-slug: word-pattern
Start processing title-slug: word-pattern
Queestion: word-pattern is not processed becuase file already present
Completed processing title-slug: word-pattern
Start processing title-slug: unique-paths-iii
Queestion: unique-paths-iii is not processed becuase file already present
Completed processing title-slug: unique-paths-iii
Start processing title-slug: smallest-even-multiple
Queestion: smallest-even-multiple is not processed becuase file already present
Completed processing title-slug: smallest-even-multiple
Start processing title-slug: two-sum
Queestion: two-sum is not processed becuase file already present
Completed processing title-slug: two-sum
Start processing title-slug: all-paths-from-source-to-target
Queestion: all-paths-from-source-to-target is not processed becuase file already present
Completed processing title-slug: all-paths-from-source-to-target
Start processing title-slug: palindrome-number
Queestion: palindrome-number is not processed becuase file already present
Completed processing title-slug: palindrome-number
Start processing title-slug: palindrome-number
Queestion: palindrome-number is not processed becuase file already present
Completed processing title-slug: palindrome-number
Start processing title-slug: palindrome-number
Queestion: palindrome-number is not processed becuase file already present
Completed processing title-slug: palindrome-number
Start processing title-slug: all-paths-from-source-to-target
Queestion: all-paths-from-source-to-target is not processed becuase file already present
Completed processing title-slug: all-paths-from-source-to-target
Start processing title-slug: add-two-integers
Queestion: add-two-integers is not processed becuase file already present
Completed processing title-slug: add-two-integers
Start processing title-slug: final-value-of-variable-after-performing-operations
Queestion: final-value-of-variable-after-performing-operations is not processed becuase file already present
Completed processing title-slug: final-value-of-variable-after-performing-operations
Start processing title-slug: defanging-an-ip-address
Queestion: defanging-an-ip-address is not processed becuase file already present
Completed processing title-slug: defanging-an-ip-address
Start processing title-slug: convert-the-temperature
Queestion: convert-the-temperature is not processed becuase file already present
Completed processing title-slug: convert-the-temperature
Start processing title-slug: recyclable-and-low-fat-products
Queestion: recyclable-and-low-fat-products is not processed becuase file already present
Completed processing title-slug: recyclable-and-low-fat-products
Start processing title-slug: best-time-to-buy-and-sell-stock-iv
Queestion: best-time-to-buy-and-sell-stock-iv is not processed becuase file already present
Completed processing title-slug: best-time-to-buy-and-sell-stock-iv
Start processing title-slug: count-good-nodes-in-binary-tree
Queestion: count-good-nodes-in-binary-tree is not processed becuase file already present
Completed processing title-slug: count-good-nodes-in-binary-tree
Start processing title-slug: ransom-note
Queestion: ransom-note is not processed becuase file already present
Completed processing title-slug: ransom-note


 Wait for 5 seconds...




Fetch next page offset:80, limit=20


Start processing title-slug: power-of-three
Queestion: power-of-three is not processed becuase file already present
Completed processing title-slug: power-of-three
Start processing title-slug: minimum-number-of-refueling-stops
Queestion: minimum-number-of-refueling-stops is not processed becuase file already present
Completed processing title-slug: minimum-number-of-refueling-stops
Start processing title-slug: longest-common-prefix
Queestion: longest-common-prefix is not processed becuase file already present
Completed processing title-slug: longest-common-prefix
Start processing title-slug: reduce-array-size-to-the-half
Queestion: reduce-array-size-to-the-half is not processed becuase file already present
Completed processing title-slug: reduce-array-size-to-the-half
Start processing title-slug: unique-morse-code-words
Queestion: unique-morse-code-words is not processed becuase file already present
Completed processing title-slug: unique-morse-code-words
Start processing title-slug: happy-number
Queestion: happy-number is not processed becuase file already present
Completed processing title-slug: happy-number
Start processing title-slug: longest-repeating-character-replacement
Queestion: longest-repeating-character-replacement is not processed becuase file already present
Completed processing title-slug: longest-repeating-character-replacement
Start processing title-slug: top-k-frequent-words
Queestion: top-k-frequent-words is not processed becuase file already present
Completed processing title-slug: top-k-frequent-words
Start processing title-slug: decode-string
Queestion: decode-string is not processed becuase file already present
Completed processing title-slug: decode-string
Start processing title-slug: bulls-and-cows
Queestion: bulls-and-cows is not processed becuase file already present
Completed processing title-slug: bulls-and-cows
Start processing title-slug: last-stone-weight
Queestion: last-stone-weight is not processed becuase file already present
Completed processing title-slug: last-stone-weight
Start processing title-slug: first-unique-character-in-a-string
Queestion: first-unique-character-in-a-string is not processed becuase file already present
Completed processing title-slug: first-unique-character-in-a-string
Start processing title-slug: backspace-string-compare
Queestion: backspace-string-compare is not processed becuase file already present
Completed processing title-slug: backspace-string-compare
Start processing title-slug: two-sum
Queestion: two-sum is not processed becuase file already present
Completed processing title-slug: two-sum
Start processing title-slug: unique-paths
Queestion: unique-paths is not processed becuase file already present
Completed processing title-slug: unique-paths
Start processing title-slug: find-all-anagrams-in-a-string
Queestion: find-all-anagrams-in-a-string is not processed becuase file already present
Completed processing title-slug: find-all-anagrams-in-a-string
Start processing title-slug: find-all-anagrams-in-a-string
Queestion: find-all-anagrams-in-a-string is not processed becuase file already present
Completed processing title-slug: find-all-anagrams-in-a-string
Start processing title-slug: unique-paths
Queestion: unique-paths is not processed becuase file already present
Completed processing title-slug: unique-paths
Start processing title-slug: min-cost-climbing-stairs
Queestion: min-cost-climbing-stairs is not processed becuase file already present
Completed processing title-slug: min-cost-climbing-stairs
Start processing title-slug: climbing-stairs
Queestion: climbing-stairs is not processed becuase file already present
Completed processing title-slug: climbing-stairs


 Wait for 5 seconds...




Fetch next page offset:100, limit=20


Start processing title-slug: climbing-stairs
Queestion: climbing-stairs is not processed becuase file already present
Completed processing title-slug: climbing-stairs
Start processing title-slug: fibonacci-number
Queestion: fibonacci-number is not processed becuase file already present
Completed processing title-slug: fibonacci-number
Start processing title-slug: lowest-common-ancestor-of-a-binary-search-tree
Queestion: lowest-common-ancestor-of-a-binary-search-tree is not processed becuase file already present
Completed processing title-slug: lowest-common-ancestor-of-a-binary-search-tree
Start processing title-slug: validate-binary-search-tree
Queestion: validate-binary-search-tree is not processed becuase file already present
Completed processing title-slug: validate-binary-search-tree
Start processing title-slug: next-greater-element-i
Queestion: next-greater-element-i is not processed becuase file already present
Completed processing title-slug: next-greater-element-i
Start processing title-slug: flood-fill
Queestion: flood-fill is not processed becuase file already present
Completed processing title-slug: flood-fill
Start processing title-slug: number-of-islands
Queestion: number-of-islands is not processed becuase file already present
Completed processing title-slug: number-of-islands
Start processing title-slug: convert-sorted-array-to-binary-search-tree
Queestion: convert-sorted-array-to-binary-search-tree is not processed becuase file already present
Completed processing title-slug: convert-sorted-array-to-binary-search-tree
Start processing title-slug: lowest-common-ancestor-of-a-binary-search-tree
Queestion: lowest-common-ancestor-of-a-binary-search-tree is not processed becuase file already present
Completed processing title-slug: lowest-common-ancestor-of-a-binary-search-tree
Start processing title-slug: validate-binary-search-tree
Queestion: validate-binary-search-tree is not processed becuase file already present
Completed processing title-slug: validate-binary-search-tree
Start processing title-slug: first-bad-version
Queestion: first-bad-version is not processed becuase file already present
Completed processing title-slug: first-bad-version
Start processing title-slug: first-bad-version
Queestion: first-bad-version is not processed becuase file already present
Completed processing title-slug: first-bad-version
Start processing title-slug: first-bad-version
Queestion: first-bad-version is not processed becuase file already present
Completed processing title-slug: first-bad-version
Start processing title-slug: binary-search
Queestion: binary-search is not processed becuase file already present
Completed processing title-slug: binary-search
Start processing title-slug: binary-search
Queestion: binary-search is not processed becuase file already present
Completed processing title-slug: binary-search
Start processing title-slug: binary-search
Queestion: binary-search is not processed becuase file already present
Completed processing title-slug: binary-search
Start processing title-slug: binary-search
Queestion: binary-search is not processed becuase file already present
Completed processing title-slug: binary-search
Start processing title-slug: binary-tree-level-order-traversal
Queestion: binary-tree-level-order-traversal is not processed becuase file already present
Completed processing title-slug: binary-tree-level-order-traversal
Start processing title-slug: n-ary-tree-preorder-traversal
Queestion: n-ary-tree-preorder-traversal is not processed becuase file already present
Completed processing title-slug: n-ary-tree-preorder-traversal
Start processing title-slug: check-if-there-is-a-valid-partition-for-the-array
Queestion: check-if-there-is-a-valid-partition-for-the-array is not processed becuase file already present
Completed processing title-slug: check-if-there-is-a-valid-partition-for-the-array


 Wait for 5 seconds...




Fetch next page offset:120, limit=20


Start processing title-slug: check-if-there-is-a-valid-partition-for-the-array
Queestion: check-if-there-is-a-valid-partition-for-the-array is not processed becuase file already present
Completed processing title-slug: check-if-there-is-a-valid-partition-for-the-array
Start processing title-slug: reachable-nodes-with-restrictions
Queestion: reachable-nodes-with-restrictions is not processed becuase file already present
Completed processing title-slug: reachable-nodes-with-restrictions
Start processing title-slug: number-of-arithmetic-triplets
Queestion: number-of-arithmetic-triplets is not processed becuase file already present
Completed processing title-slug: number-of-arithmetic-triplets
Start processing title-slug: count-vowels-permutation
Queestion: count-vowels-permutation is not processed becuase file already present
Completed processing title-slug: count-vowels-permutation
Start processing title-slug: longest-palindrome
Queestion: longest-palindrome is not processed becuase file already present
Completed processing title-slug: longest-palindrome
Start processing title-slug: best-time-to-buy-and-sell-stock
Queestion: best-time-to-buy-and-sell-stock is not processed becuase file already present
Completed processing title-slug: best-time-to-buy-and-sell-stock
Start processing title-slug: best-time-to-buy-and-sell-stock
Queestion: best-time-to-buy-and-sell-stock is not processed becuase file already present
Completed processing title-slug: best-time-to-buy-and-sell-stock
Start processing title-slug: palindrome-number
Queestion: palindrome-number is not processed becuase file already present
Completed processing title-slug: palindrome-number
Start processing title-slug: palindrome-number
Queestion: palindrome-number is not processed becuase file already present
Completed processing title-slug: palindrome-number
Start processing title-slug: palindrome-number
Queestion: palindrome-number is not processed becuase file already present
Completed processing title-slug: palindrome-number
Start processing title-slug: longest-palindromic-substring
Queestion: longest-palindromic-substring is not processed becuase file already present
Completed processing title-slug: longest-palindromic-substring
Start processing title-slug: longest-substring-without-repeating-characters
Queestion: longest-substring-without-repeating-characters is not processed becuase file already present
Completed processing title-slug: longest-substring-without-repeating-characters
Start processing title-slug: add-two-numbers
Queestion: add-two-numbers is not processed becuase file already present
Completed processing title-slug: add-two-numbers
Start processing title-slug: combination-sum-iv
Queestion: combination-sum-iv is not processed becuase file already present
Completed processing title-slug: combination-sum-iv
Start processing title-slug: linked-list-cycle-ii
Queestion: linked-list-cycle-ii is not processed becuase file already present
Completed processing title-slug: linked-list-cycle-ii
Start processing title-slug: linked-list-cycle-ii
Queestion: linked-list-cycle-ii is not processed becuase file already present
Completed processing title-slug: linked-list-cycle-ii
Start processing title-slug: equal-row-and-column-pairs
Queestion: equal-row-and-column-pairs is not processed becuase file already present
Completed processing title-slug: equal-row-and-column-pairs
Start processing title-slug: equal-row-and-column-pairs
Queestion: equal-row-and-column-pairs is not processed becuase file already present
Completed processing title-slug: equal-row-and-column-pairs
Start processing title-slug: equal-row-and-column-pairs
Queestion: equal-row-and-column-pairs is not processed becuase file already present
Completed processing title-slug: equal-row-and-column-pairs
Start processing title-slug: middle-of-the-linked-list
Queestion: middle-of-the-linked-list is not processed becuase file already present
Completed processing title-slug: middle-of-the-linked-list


 Wait for 5 seconds...




Fetch next page offset:140, limit=20


Start processing title-slug: first-letter-to-appear-twice
Queestion: first-letter-to-appear-twice is not processed becuase file already present
Completed processing title-slug: first-letter-to-appear-twice
Start processing title-slug: longest-cycle-in-a-graph
Queestion: longest-cycle-in-a-graph is not processed becuase file already present
Completed processing title-slug: longest-cycle-in-a-graph
Start processing title-slug: maximum-number-of-groups-entering-a-competition
Queestion: maximum-number-of-groups-entering-a-competition is not processed becuase file already present
Completed processing title-slug: maximum-number-of-groups-entering-a-competition
Start processing title-slug: make-array-zero-by-subtracting-equal-amounts
Queestion: make-array-zero-by-subtracting-equal-amounts is not processed becuase file already present
Completed processing title-slug: make-array-zero-by-subtracting-equal-amounts
Start processing title-slug: mirror-reflection
Queestion: mirror-reflection is not processed becuase file already present
Completed processing title-slug: mirror-reflection
Start processing title-slug: mirror-reflection
Queestion: mirror-reflection is not processed becuase file already present
Completed processing title-slug: mirror-reflection
Start processing title-slug: merge-two-sorted-lists
Queestion: merge-two-sorted-lists is not processed becuase file already present
Completed processing title-slug: merge-two-sorted-lists
Start processing title-slug: reverse-linked-list
Queestion: reverse-linked-list is not processed becuase file already present
Completed processing title-slug: reverse-linked-list
Start processing title-slug: isomorphic-strings
Queestion: isomorphic-strings is not processed becuase file already present
Completed processing title-slug: isomorphic-strings
Start processing title-slug: isomorphic-strings
Queestion: isomorphic-strings is not processed becuase file already present
Completed processing title-slug: isomorphic-strings
Start processing title-slug: is-subsequence
Queestion: is-subsequence is not processed becuase file already present
Completed processing title-slug: is-subsequence
Start processing title-slug: find-pivot-index
Queestion: find-pivot-index is not processed becuase file already present
Completed processing title-slug: find-pivot-index
Start processing title-slug: running-sum-of-1d-array
Queestion: running-sum-of-1d-array is not processed becuase file already present
Completed processing title-slug: running-sum-of-1d-array
Start processing title-slug: kth-smallest-element-in-a-sorted-matrix
Queestion: kth-smallest-element-in-a-sorted-matrix is not processed becuase file already present
Completed processing title-slug: kth-smallest-element-in-a-sorted-matrix
Start processing title-slug: range-sum-query-mutable
Queestion: range-sum-query-mutable is not processed becuase file already present
Completed processing title-slug: range-sum-query-mutable
Start processing title-slug: range-sum-query-mutable
Queestion: range-sum-query-mutable is not processed becuase file already present
Completed processing title-slug: range-sum-query-mutable
Start processing title-slug: find-and-replace-pattern
Queestion: find-and-replace-pattern is not processed becuase file already present
Completed processing title-slug: find-and-replace-pattern
Start processing title-slug: lowest-common-ancestor-of-a-binary-tree
Queestion: lowest-common-ancestor-of-a-binary-tree is not processed becuase file already present
Completed processing title-slug: lowest-common-ancestor-of-a-binary-tree
Start processing title-slug: reverse-linked-list-ii
Queestion: reverse-linked-list-ii is not processed becuase file already present
Completed processing title-slug: reverse-linked-list-ii
Start processing title-slug: number-of-matching-subsequences
Queestion: number-of-matching-subsequences is not processed becuase file already present
Completed processing title-slug: number-of-matching-subsequences


 Wait for 5 seconds...




Fetch next page offset:160, limit=20


Start processing title-slug: pascals-triangle
Queestion: pascals-triangle is not processed becuase file already present
Completed processing title-slug: pascals-triangle
Start processing title-slug: k-inverse-pairs-array
Queestion: k-inverse-pairs-array is not processed becuase file already present
Completed processing title-slug: k-inverse-pairs-array
Start processing title-slug: out-of-boundary-paths
Queestion: out-of-boundary-paths is not processed becuase file already present
Completed processing title-slug: out-of-boundary-paths
Start processing title-slug: out-of-boundary-paths
Queestion: out-of-boundary-paths is not processed becuase file already present
Completed processing title-slug: out-of-boundary-paths
Start processing title-slug: out-of-boundary-paths
Queestion: out-of-boundary-paths is not processed becuase file already present
Completed processing title-slug: out-of-boundary-paths
Start processing title-slug: out-of-boundary-paths
Queestion: out-of-boundary-paths is not processed becuase file already present
Completed processing title-slug: out-of-boundary-paths
Start processing title-slug: out-of-boundary-paths
Queestion: out-of-boundary-paths is not processed becuase file already present
Completed processing title-slug: out-of-boundary-paths
Start processing title-slug: out-of-boundary-paths
Queestion: out-of-boundary-paths is not processed becuase file already present
Completed processing title-slug: out-of-boundary-paths
Start processing title-slug: max-area-of-island
Queestion: max-area-of-island is not processed becuase file already present
Completed processing title-slug: max-area-of-island
Start processing title-slug: construct-binary-tree-from-preorder-and-inorder-traversal
Queestion: construct-binary-tree-from-preorder-and-inorder-traversal is not processed becuase file already present
Completed processing title-slug: construct-binary-tree-from-preorder-and-inorder-traversal
Start processing title-slug: binary-tree-level-order-traversal
Queestion: binary-tree-level-order-traversal is not processed becuase file already present
Completed processing title-slug: binary-tree-level-order-traversal
Start processing title-slug: matchsticks-to-square
Queestion: matchsticks-to-square is not processed becuase file already present
Completed processing title-slug: matchsticks-to-square
Start processing title-slug: min-cost-climbing-stairs
Queestion: min-cost-climbing-stairs is not processed becuase file already present
Completed processing title-slug: min-cost-climbing-stairs
Start processing title-slug: maximum-area-of-a-piece-of-cake-after-horizontal-and-vertical-cuts
Queestion: maximum-area-of-a-piece-of-cake-after-horizontal-and-vertical-cuts is not processed becuase file already present
Completed processing title-slug: maximum-area-of-a-piece-of-cake-after-horizontal-and-vertical-cuts
Start processing title-slug: queue-reconstruction-by-height
Queestion: queue-reconstruction-by-height is not processed becuase file already present
Completed processing title-slug: queue-reconstruction-by-height
Start processing title-slug: partitioning-into-minimum-number-of-deci-binary-numbers
Queestion: partitioning-into-minimum-number-of-deci-binary-numbers is not processed becuase file already present
Completed processing title-slug: partitioning-into-minimum-number-of-deci-binary-numbers
Start processing title-slug: maximum-points-you-can-obtain-from-cards
Queestion: maximum-points-you-can-obtain-from-cards is not processed becuase file already present
Completed processing title-slug: maximum-points-you-can-obtain-from-cards
Start processing title-slug: construct-target-array-with-multiple-sums
Queestion: construct-target-array-with-multiple-sums is not processed becuase file already present
Completed processing title-slug: construct-target-array-with-multiple-sums
Start processing title-slug: kth-largest-element-in-an-array
Queestion: kth-largest-element-in-an-array is not processed becuase file already present
Completed processing title-slug: kth-largest-element-in-an-array
Start processing title-slug: greatest-english-letter-in-upper-and-lower-case
Queestion: greatest-english-letter-in-upper-and-lower-case is not processed becuase file already present
Completed processing title-slug: greatest-english-letter-in-upper-and-lower-case


 Wait for 5 seconds...




Fetch next page offset:180, limit=20


Start processing title-slug: greatest-english-letter-in-upper-and-lower-case
Queestion: greatest-english-letter-in-upper-and-lower-case is not processed becuase file already present
Completed processing title-slug: greatest-english-letter-in-upper-and-lower-case
Start processing title-slug: complement-of-base-10-integer
Queestion: complement-of-base-10-integer is not processed becuase file already present
Completed processing title-slug: complement-of-base-10-integer
Start processing title-slug: find-the-town-judge
Queestion: find-the-town-judge is not processed becuase file already present
Completed processing title-slug: find-the-town-judge
Start processing title-slug: find-the-town-judge
Queestion: find-the-town-judge is not processed becuase file already present
Completed processing title-slug: find-the-town-judge
Start processing title-slug: pairs-of-songs-with-total-durations-divisible-by-60
Queestion: pairs-of-songs-with-total-durations-divisible-by-60 is not processed becuase file already present
Completed processing title-slug: pairs-of-songs-with-total-durations-divisible-by-60
Start processing title-slug: middle-of-the-linked-list
Queestion: middle-of-the-linked-list is not processed becuase file already present
Completed processing title-slug: middle-of-the-linked-list
Start processing title-slug: number-complement
Queestion: number-complement is not processed becuase file already present
Completed processing title-slug: number-complement
Start processing title-slug: maximal-square
Queestion: maximal-square is not processed becuase file already present
Completed processing title-slug: maximal-square
Start processing title-slug: maximal-square
Queestion: maximal-square is not processed becuase file already present
Completed processing title-slug: maximal-square
Start processing title-slug: house-robber-iii
Queestion: house-robber-iii is not processed becuase file already present
Completed processing title-slug: house-robber-iii
Start processing title-slug: find-target-indices-after-sorting-array
Queestion: find-target-indices-after-sorting-array is not processed becuase file already present
Completed processing title-slug: find-target-indices-after-sorting-array
Start processing title-slug: odd-even-linked-list
Queestion: odd-even-linked-list is not processed becuase file already present
Completed processing title-slug: odd-even-linked-list
Start processing title-slug: best-time-to-buy-and-sell-stock
Queestion: best-time-to-buy-and-sell-stock is not processed becuase file already present
Completed processing title-slug: best-time-to-buy-and-sell-stock
Start processing title-slug: best-time-to-buy-and-sell-stock
Queestion: best-time-to-buy-and-sell-stock is not processed becuase file already present
Completed processing title-slug: best-time-to-buy-and-sell-stock
Start processing title-slug: house-robber
Queestion: house-robber is not processed becuase file already present
Completed processing title-slug: house-robber
Start processing title-slug: maximal-rectangle
Queestion: maximal-rectangle is not processed becuase file already present
Completed processing title-slug: maximal-rectangle
Start processing title-slug: maximum-subarray
Queestion: maximum-subarray is not processed becuase file already present
Completed processing title-slug: maximum-subarray
Start processing title-slug: maximum-subarray
Queestion: maximum-subarray is not processed becuase file already present
Completed processing title-slug: maximum-subarray
Start processing title-slug: find-all-people-with-secret
Queestion: find-all-people-with-secret is not processed becuase file already present
Completed processing title-slug: find-all-people-with-secret
Start processing title-slug: jump-game-ii
Queestion: jump-game-ii is not processed becuase file already present
Completed processing title-slug: jump-game-ii


 Wait for 5 seconds...




Fetch next page offset:200, limit=20


Start processing title-slug: find-all-people-with-secret
Queestion: find-all-people-with-secret is not processed becuase file already present
Completed processing title-slug: find-all-people-with-secret
Start processing title-slug: find-all-people-with-secret
Queestion: find-all-people-with-secret is not processed becuase file already present
Completed processing title-slug: find-all-people-with-secret
Start processing title-slug: removing-minimum-and-maximum-from-array
Queestion: removing-minimum-and-maximum-from-array is not processed becuase file already present
Completed processing title-slug: removing-minimum-and-maximum-from-array
Start processing title-slug: k-radius-subarray-averages
Queestion: k-radius-subarray-averages is not processed becuase file already present
Completed processing title-slug: k-radius-subarray-averages
Start processing title-slug: k-radius-subarray-averages
Queestion: k-radius-subarray-averages is not processed becuase file already present
Completed processing title-slug: k-radius-subarray-averages
Start processing title-slug: find-target-indices-after-sorting-array
Queestion: find-target-indices-after-sorting-array is not processed becuase file already present
Completed processing title-slug: find-target-indices-after-sorting-array
Start processing title-slug: jump-game
Queestion: jump-game is not processed becuase file already present
Completed processing title-slug: jump-game
Start processing title-slug: jump-game
Queestion: jump-game is not processed becuase file already present
Completed processing title-slug: jump-game
Start processing title-slug: jump-game
Queestion: jump-game is not processed becuase file already present
Completed processing title-slug: jump-game
Start processing title-slug: all-paths-from-source-to-target
Queestion: all-paths-from-source-to-target is not processed becuase file already present
Completed processing title-slug: all-paths-from-source-to-target
Start processing title-slug: minimum-cost-homecoming-of-a-robot-in-a-grid
Queestion: minimum-cost-homecoming-of-a-robot-in-a-grid is not processed becuase file already present
Completed processing title-slug: minimum-cost-homecoming-of-a-robot-in-a-grid
Start processing title-slug: minimum-cost-homecoming-of-a-robot-in-a-grid
Queestion: minimum-cost-homecoming-of-a-robot-in-a-grid is not processed becuase file already present
Completed processing title-slug: minimum-cost-homecoming-of-a-robot-in-a-grid
Start processing title-slug: minimum-cost-homecoming-of-a-robot-in-a-grid
Queestion: minimum-cost-homecoming-of-a-robot-in-a-grid is not processed becuase file already present
Completed processing title-slug: minimum-cost-homecoming-of-a-robot-in-a-grid
Start processing title-slug: minimum-cost-homecoming-of-a-robot-in-a-grid
Queestion: minimum-cost-homecoming-of-a-robot-in-a-grid is not processed becuase file already present
Completed processing title-slug: minimum-cost-homecoming-of-a-robot-in-a-grid
Start processing title-slug: minimum-cost-homecoming-of-a-robot-in-a-grid
Queestion: minimum-cost-homecoming-of-a-robot-in-a-grid is not processed becuase file already present
Completed processing title-slug: minimum-cost-homecoming-of-a-robot-in-a-grid
Start processing title-slug: minimum-number-of-food-buckets-to-feed-the-hamsters
Queestion: minimum-number-of-food-buckets-to-feed-the-hamsters is not processed becuase file already present
Completed processing title-slug: minimum-number-of-food-buckets-to-feed-the-hamsters
Start processing title-slug: count-common-words-with-one-occurrence
Queestion: count-common-words-with-one-occurrence is not processed becuase file already present
Completed processing title-slug: count-common-words-with-one-occurrence
Start processing title-slug: delete-and-earn
Queestion: delete-and-earn is not processed becuase file already present
Completed processing title-slug: delete-and-earn
Start processing title-slug: house-robber-ii
Queestion: house-robber-ii is not processed becuase file already present
Completed processing title-slug: house-robber-ii
Start processing title-slug: house-robber
Queestion: house-robber is not processed becuase file already present
Completed processing title-slug: house-robber
Processed total 220 submissions.
Completed - 2023-01-09 00:28:14.948344
Time taken - 0:01:03.421901



Started - 2023-01-09 00:48:26.021518
Total Question Count: 2532
Processing max submission sount: 99
Start processing title-slug: binary-tree-preorder-traversal
Completed processing title-slug: binary-tree-preorder-traversal
Start processing title-slug: maximal-score-after-applying-k-operations
Queestion: maximal-score-after-applying-k-operations is not processed becuase file already present
Completed processing title-slug: maximal-score-after-applying-k-operations
Start processing title-slug: make-number-of-distinct-characters-equal
Queestion: make-number-of-distinct-characters-equal is not processed becuase file already present
Completed processing title-slug: make-number-of-distinct-characters-equal
Start processing title-slug: make-number-of-distinct-characters-equal
Queestion: make-number-of-distinct-characters-equal is not processed becuase file already present
Completed processing title-slug: make-number-of-distinct-characters-equal
Start processing title-slug: make-number-of-distinct-characters-equal
Queestion: make-number-of-distinct-characters-equal is not processed becuase file already present
Completed processing title-slug: make-number-of-distinct-characters-equal
Start processing title-slug: make-number-of-distinct-characters-equal
Queestion: make-number-of-distinct-characters-equal is not processed becuase file already present
Completed processing title-slug: make-number-of-distinct-characters-equal
Start processing title-slug: make-number-of-distinct-characters-equal
Queestion: make-number-of-distinct-characters-equal is not processed becuase file already present
Completed processing title-slug: make-number-of-distinct-characters-equal
Start processing title-slug: make-number-of-distinct-characters-equal
Queestion: make-number-of-distinct-characters-equal is not processed becuase file already present
Completed processing title-slug: make-number-of-distinct-characters-equal
Start processing title-slug: make-number-of-distinct-characters-equal
Queestion: make-number-of-distinct-characters-equal is not processed becuase file already present
Completed processing title-slug: make-number-of-distinct-characters-equal
Start processing title-slug: make-number-of-distinct-characters-equal
Queestion: make-number-of-distinct-characters-equal is not processed becuase file already present
Completed processing title-slug: make-number-of-distinct-characters-equal
Start processing title-slug: maximal-score-after-applying-k-operations
Queestion: maximal-score-after-applying-k-operations is not processed becuase file already present
Completed processing title-slug: maximal-score-after-applying-k-operations
Start processing title-slug: maximum-count-of-positive-integer-and-negative-integer
Queestion: maximum-count-of-positive-integer-and-negative-integer is not processed becuase file already present
Completed processing title-slug: maximum-count-of-positive-integer-and-negative-integer
Start processing title-slug: find-consecutive-integers-from-a-data-stream
Queestion: find-consecutive-integers-from-a-data-stream is not processed becuase file already present
Completed processing title-slug: find-consecutive-integers-from-a-data-stream
Start processing title-slug: find-consecutive-integers-from-a-data-stream
Queestion: find-consecutive-integers-from-a-data-stream is not processed becuase file already present
Completed processing title-slug: find-consecutive-integers-from-a-data-stream
Start processing title-slug: categorize-box-according-to-criteria
Queestion: categorize-box-according-to-criteria is not processed becuase file already present
Completed processing title-slug: categorize-box-according-to-criteria
Start processing title-slug: categorize-box-according-to-criteria
Queestion: categorize-box-according-to-criteria is not processed becuase file already present
Completed processing title-slug: categorize-box-according-to-criteria
Start processing title-slug: categorize-box-according-to-criteria
Queestion: categorize-box-according-to-criteria is not processed becuase file already present
Completed processing title-slug: categorize-box-according-to-criteria
Start processing title-slug: categorize-box-according-to-criteria
Queestion: categorize-box-according-to-criteria is not processed becuase file already present
Completed processing title-slug: categorize-box-according-to-criteria
Start processing title-slug: max-points-on-a-line
Queestion: max-points-on-a-line is not processed becuase file already present
Completed processing title-slug: max-points-on-a-line
Start processing title-slug: max-points-on-a-line
Queestion: max-points-on-a-line is not processed becuase file already present
Completed processing title-slug: max-points-on-a-line


 Wait for 5 seconds...




Fetch next page offset:20, limit=20


Start processing title-slug: max-points-on-a-line
Queestion: max-points-on-a-line is not processed becuase file already present
Completed processing title-slug: max-points-on-a-line
Start processing title-slug: max-points-on-a-line
Queestion: max-points-on-a-line is not processed becuase file already present
Completed processing title-slug: max-points-on-a-line
Start processing title-slug: number-of-good-pairs
Queestion: number-of-good-pairs is not processed becuase file already present
Completed processing title-slug: number-of-good-pairs
Start processing title-slug: richest-customer-wealth
Queestion: richest-customer-wealth is not processed becuase file already present
Completed processing title-slug: richest-customer-wealth
Start processing title-slug: build-array-from-permutation
Queestion: build-array-from-permutation is not processed becuase file already present
Completed processing title-slug: build-array-from-permutation
Start processing title-slug: gas-station
Queestion: gas-station is not processed becuase file already present
Completed processing title-slug: gas-station
Start processing title-slug: maximum-ice-cream-bars
Queestion: maximum-ice-cream-bars is not processed becuase file already present
Completed processing title-slug: maximum-ice-cream-bars
Start processing title-slug: maximum-ice-cream-bars
Queestion: maximum-ice-cream-bars is not processed becuase file already present
Completed processing title-slug: maximum-ice-cream-bars
Start processing title-slug: minimum-number-of-arrows-to-burst-balloons
Queestion: minimum-number-of-arrows-to-burst-balloons is not processed becuase file already present
Completed processing title-slug: minimum-number-of-arrows-to-burst-balloons
Start processing title-slug: minimum-number-of-arrows-to-burst-balloons
Queestion: minimum-number-of-arrows-to-burst-balloons is not processed becuase file already present
Completed processing title-slug: minimum-number-of-arrows-to-burst-balloons
Start processing title-slug: minimum-number-of-arrows-to-burst-balloons
Queestion: minimum-number-of-arrows-to-burst-balloons is not processed becuase file already present
Completed processing title-slug: minimum-number-of-arrows-to-burst-balloons
Start processing title-slug: minimum-number-of-arrows-to-burst-balloons
Queestion: minimum-number-of-arrows-to-burst-balloons is not processed becuase file already present
Completed processing title-slug: minimum-number-of-arrows-to-burst-balloons
Start processing title-slug: minimum-number-of-arrows-to-burst-balloons
Queestion: minimum-number-of-arrows-to-burst-balloons is not processed becuase file already present
Completed processing title-slug: minimum-number-of-arrows-to-burst-balloons
Start processing title-slug: minimum-number-of-arrows-to-burst-balloons
Queestion: minimum-number-of-arrows-to-burst-balloons is not processed becuase file already present
Completed processing title-slug: minimum-number-of-arrows-to-burst-balloons
Start processing title-slug: minimum-number-of-arrows-to-burst-balloons
Queestion: minimum-number-of-arrows-to-burst-balloons is not processed becuase file already present
Completed processing title-slug: minimum-number-of-arrows-to-burst-balloons
Start processing title-slug: minimum-number-of-arrows-to-burst-balloons
Queestion: minimum-number-of-arrows-to-burst-balloons is not processed becuase file already present
Completed processing title-slug: minimum-number-of-arrows-to-burst-balloons
Start processing title-slug: minimum-number-of-arrows-to-burst-balloons
Queestion: minimum-number-of-arrows-to-burst-balloons is not processed becuase file already present
Completed processing title-slug: minimum-number-of-arrows-to-burst-balloons
Start processing title-slug: minimum-number-of-arrows-to-burst-balloons
Queestion: minimum-number-of-arrows-to-burst-balloons is not processed becuase file already present
Completed processing title-slug: minimum-number-of-arrows-to-burst-balloons
Start processing title-slug: range-sum-query-immutable
Queestion: range-sum-query-immutable is not processed becuase file already present
Completed processing title-slug: range-sum-query-immutable
Start processing title-slug: count-the-digits-that-divide-a-number
Queestion: count-the-digits-that-divide-a-number is not processed becuase file already present
Completed processing title-slug: count-the-digits-that-divide-a-number


 Wait for 5 seconds...




Fetch next page offset:40, limit=20


Start processing title-slug: minimum-rounds-to-complete-all-tasks
Queestion: minimum-rounds-to-complete-all-tasks is not processed becuase file already present
Completed processing title-slug: minimum-rounds-to-complete-all-tasks
Start processing title-slug: minimum-rounds-to-complete-all-tasks
Queestion: minimum-rounds-to-complete-all-tasks is not processed becuase file already present
Completed processing title-slug: minimum-rounds-to-complete-all-tasks
Start processing title-slug: delete-columns-to-make-sorted
Queestion: delete-columns-to-make-sorted is not processed becuase file already present
Completed processing title-slug: delete-columns-to-make-sorted
Start processing title-slug: remove-letter-to-equalize-frequency
Queestion: remove-letter-to-equalize-frequency is not processed becuase file already present
Completed processing title-slug: remove-letter-to-equalize-frequency
Start processing title-slug: remove-letter-to-equalize-frequency
Queestion: remove-letter-to-equalize-frequency is not processed becuase file already present
Completed processing title-slug: remove-letter-to-equalize-frequency
Start processing title-slug: remove-letter-to-equalize-frequency
Queestion: remove-letter-to-equalize-frequency is not processed becuase file already present
Completed processing title-slug: remove-letter-to-equalize-frequency
Start processing title-slug: remove-letter-to-equalize-frequency
Queestion: remove-letter-to-equalize-frequency is not processed becuase file already present
Completed processing title-slug: remove-letter-to-equalize-frequency
Start processing title-slug: detect-capital
Queestion: detect-capital is not processed becuase file already present
Completed processing title-slug: detect-capital
Start processing title-slug: create-target-array-in-the-given-order
Queestion: create-target-array-in-the-given-order is not processed becuase file already present
Completed processing title-slug: create-target-array-in-the-given-order
Start processing title-slug: partition-string-into-substrings-with-values-at-most-k
Queestion: partition-string-into-substrings-with-values-at-most-k is not processed becuase file already present
Completed processing title-slug: partition-string-into-substrings-with-values-at-most-k
Start processing title-slug: partition-string-into-substrings-with-values-at-most-k
Queestion: partition-string-into-substrings-with-values-at-most-k is not processed becuase file already present
Completed processing title-slug: partition-string-into-substrings-with-values-at-most-k
Start processing title-slug: partition-string-into-substrings-with-values-at-most-k
Queestion: partition-string-into-substrings-with-values-at-most-k is not processed becuase file already present
Completed processing title-slug: partition-string-into-substrings-with-values-at-most-k
Start processing title-slug: partition-string-into-substrings-with-values-at-most-k
Queestion: partition-string-into-substrings-with-values-at-most-k is not processed becuase file already present
Completed processing title-slug: partition-string-into-substrings-with-values-at-most-k
Start processing title-slug: partition-string-into-substrings-with-values-at-most-k
Queestion: partition-string-into-substrings-with-values-at-most-k is not processed becuase file already present
Completed processing title-slug: partition-string-into-substrings-with-values-at-most-k
Start processing title-slug: partition-string-into-substrings-with-values-at-most-k
Queestion: partition-string-into-substrings-with-values-at-most-k is not processed becuase file already present
Completed processing title-slug: partition-string-into-substrings-with-values-at-most-k
Start processing title-slug: partition-string-into-substrings-with-values-at-most-k
Queestion: partition-string-into-substrings-with-values-at-most-k is not processed becuase file already present
Completed processing title-slug: partition-string-into-substrings-with-values-at-most-k
Start processing title-slug: partition-string-into-substrings-with-values-at-most-k
Queestion: partition-string-into-substrings-with-values-at-most-k is not processed becuase file already present
Completed processing title-slug: partition-string-into-substrings-with-values-at-most-k
Start processing title-slug: closest-prime-numbers-in-range
Queestion: closest-prime-numbers-in-range is not processed becuase file already present
Completed processing title-slug: closest-prime-numbers-in-range
Start processing title-slug: closest-prime-numbers-in-range
Queestion: closest-prime-numbers-in-range is not processed becuase file already present
Completed processing title-slug: closest-prime-numbers-in-range
Start processing title-slug: closest-prime-numbers-in-range
Queestion: closest-prime-numbers-in-range is not processed becuase file already present
Completed processing title-slug: closest-prime-numbers-in-range


 Wait for 5 seconds...




Fetch next page offset:60, limit=20


Start processing title-slug: distinct-prime-factors-of-product-of-array
Queestion: distinct-prime-factors-of-product-of-array is not processed becuase file already present
Completed processing title-slug: distinct-prime-factors-of-product-of-array
Start processing title-slug: count-the-digits-that-divide-a-number
Queestion: count-the-digits-that-divide-a-number is not processed becuase file already present
Completed processing title-slug: count-the-digits-that-divide-a-number
Start processing title-slug: word-pattern
Queestion: word-pattern is not processed becuase file already present
Completed processing title-slug: word-pattern
Start processing title-slug: word-pattern
Queestion: word-pattern is not processed becuase file already present
Completed processing title-slug: word-pattern
Start processing title-slug: word-pattern
Queestion: word-pattern is not processed becuase file already present
Completed processing title-slug: word-pattern
Start processing title-slug: unique-paths-iii
Queestion: unique-paths-iii is not processed becuase file already present
Completed processing title-slug: unique-paths-iii
Start processing title-slug: smallest-even-multiple
Queestion: smallest-even-multiple is not processed becuase file already present
Completed processing title-slug: smallest-even-multiple
Start processing title-slug: two-sum
Queestion: two-sum is not processed becuase file already present
Completed processing title-slug: two-sum
Start processing title-slug: all-paths-from-source-to-target
Queestion: all-paths-from-source-to-target is not processed becuase file already present
Completed processing title-slug: all-paths-from-source-to-target
Start processing title-slug: palindrome-number
Queestion: palindrome-number is not processed becuase file already present
Completed processing title-slug: palindrome-number
Start processing title-slug: palindrome-number
Queestion: palindrome-number is not processed becuase file already present
Completed processing title-slug: palindrome-number
Start processing title-slug: palindrome-number
Queestion: palindrome-number is not processed becuase file already present
Completed processing title-slug: palindrome-number
Start processing title-slug: all-paths-from-source-to-target
Queestion: all-paths-from-source-to-target is not processed becuase file already present
Completed processing title-slug: all-paths-from-source-to-target
Start processing title-slug: add-two-integers
Queestion: add-two-integers is not processed becuase file already present
Completed processing title-slug: add-two-integers
Start processing title-slug: final-value-of-variable-after-performing-operations
Queestion: final-value-of-variable-after-performing-operations is not processed becuase file already present
Completed processing title-slug: final-value-of-variable-after-performing-operations
Start processing title-slug: defanging-an-ip-address
Queestion: defanging-an-ip-address is not processed becuase file already present
Completed processing title-slug: defanging-an-ip-address
Start processing title-slug: convert-the-temperature
Queestion: convert-the-temperature is not processed becuase file already present
Completed processing title-slug: convert-the-temperature
Start processing title-slug: recyclable-and-low-fat-products
Queestion: recyclable-and-low-fat-products is not processed becuase file already present
Completed processing title-slug: recyclable-and-low-fat-products
Start processing title-slug: best-time-to-buy-and-sell-stock-iv
Queestion: best-time-to-buy-and-sell-stock-iv is not processed becuase file already present
Completed processing title-slug: best-time-to-buy-and-sell-stock-iv
Start processing title-slug: count-good-nodes-in-binary-tree
Queestion: count-good-nodes-in-binary-tree is not processed becuase file already present
Completed processing title-slug: count-good-nodes-in-binary-tree


 Wait for 5 seconds...




Fetch next page offset:80, limit=20


Start processing title-slug: ransom-note
Queestion: ransom-note is not processed becuase file already present
Completed processing title-slug: ransom-note
Start processing title-slug: power-of-three
Queestion: power-of-three is not processed becuase file already present
Completed processing title-slug: power-of-three
Start processing title-slug: minimum-number-of-refueling-stops
Queestion: minimum-number-of-refueling-stops is not processed becuase file already present
Completed processing title-slug: minimum-number-of-refueling-stops
Start processing title-slug: longest-common-prefix
Queestion: longest-common-prefix is not processed becuase file already present
Completed processing title-slug: longest-common-prefix
Start processing title-slug: reduce-array-size-to-the-half
Queestion: reduce-array-size-to-the-half is not processed becuase file already present
Completed processing title-slug: reduce-array-size-to-the-half
Start processing title-slug: unique-morse-code-words
Queestion: unique-morse-code-words is not processed becuase file already present
Completed processing title-slug: unique-morse-code-words
Start processing title-slug: happy-number
Queestion: happy-number is not processed becuase file already present
Completed processing title-slug: happy-number
Start processing title-slug: longest-repeating-character-replacement
Queestion: longest-repeating-character-replacement is not processed becuase file already present
Completed processing title-slug: longest-repeating-character-replacement
Start processing title-slug: top-k-frequent-words
Queestion: top-k-frequent-words is not processed becuase file already present
Completed processing title-slug: top-k-frequent-words
Start processing title-slug: decode-string
Queestion: decode-string is not processed becuase file already present
Completed processing title-slug: decode-string
Start processing title-slug: bulls-and-cows
Queestion: bulls-and-cows is not processed becuase file already present
Completed processing title-slug: bulls-and-cows
Start processing title-slug: last-stone-weight
Queestion: last-stone-weight is not processed becuase file already present
Completed processing title-slug: last-stone-weight
Start processing title-slug: first-unique-character-in-a-string
Queestion: first-unique-character-in-a-string is not processed becuase file already present
Completed processing title-slug: first-unique-character-in-a-string
Start processing title-slug: backspace-string-compare
Queestion: backspace-string-compare is not processed becuase file already present
Completed processing title-slug: backspace-string-compare
Start processing title-slug: two-sum
Queestion: two-sum is not processed becuase file already present
Completed processing title-slug: two-sum
Start processing title-slug: unique-paths
Queestion: unique-paths is not processed becuase file already present
Completed processing title-slug: unique-paths
Start processing title-slug: find-all-anagrams-in-a-string
Queestion: find-all-anagrams-in-a-string is not processed becuase file already present
Completed processing title-slug: find-all-anagrams-in-a-string
Start processing title-slug: find-all-anagrams-in-a-string
Queestion: find-all-anagrams-in-a-string is not processed becuase file already present
Completed processing title-slug: find-all-anagrams-in-a-string
Start processing title-slug: unique-paths
Queestion: unique-paths is not processed becuase file already present
Completed processing title-slug: unique-paths
Start processing title-slug: min-cost-climbing-stairs
Queestion: min-cost-climbing-stairs is not processed becuase file already present
Completed processing title-slug: min-cost-climbing-stairs
Processed total 100 submissions.
Completed - 2023-01-09 00:48:54.922254
Time taken - 0:00:28.900736
